# JRE version: OpenJDK Runtime Environment (11.0.15) (build 11.0.15+0-b2043.56-9505619)
# Java VM: OpenJDK 64-Bit Server VM (11.0.15+0-b2043.56-9505619, mixed mode, tiered, compressed oops, g1 gc, windows-amd64)
Heap:
 garbage-first heap   total 823296K, used 257536K [0x0000000080000000, 0x0000000100000000)
  region size 1024K, 14 young (14336K), 14 survivors (14336K)
 Metaspace       used 40210K, capacity 41119K, committed 41344K, reserved 1085440K
  class space    used 5089K, capacity 5425K, committed 5504K, reserved 1048576K
GC Heap History (20 events):
Event: 6.600 GC heap after
{Heap after GC invocations=38 (full 0):
 garbage-first heap   total 137216K, used 85522K [0x0000000080000000, 0x0000000100000000)
  region size 1024K, 1 young (1024K), 1 survivors (1024K)
 Metaspace       used 40135K, capacity 41054K, committed 41344K, reserved 1085440K
  class space    used 5081K, capacity 5425K, committed 5504K, reserved 1048576K
}
Event: 6.646 GC heap before
{Heap before GC invocations=38 (full 0):
 garbage-first heap   total 137216K, used 103954K [0x0000000080000000, 0x0000000100000000)
  region size 1024K, 19 young (19456K), 1 survivors (1024K)
 Metaspace       used 40135K, capacity 41054K, committed 41344K, reserved 1085440K
  class space    used 5081K, capacity 5425K, committed 5504K, reserved 1048576K
}
Event: 6.654 GC heap after
{Heap after GC invocations=39 (full 0):
 garbage-first heap   total 219136K, used 90764K [0x0000000080000000, 0x0000000100000000)
  region size 1024K, 3 young (3072K), 3 survivors (3072K)
 Metaspace       used 40135K, capacity 41054K, committed 41344K, reserved 1085440K
  class space    used 5081K, capacity 5425K, committed 5504K, reserved 1048576K
}
Event: 7.309 GC heap before
{Heap before GC invocations=40 (full 0):
 garbage-first heap   total 219136K, used 149132K [0x0000000080000000, 0x0000000100000000)
  region size 1024K, 60 young (61440K), 3 survivors (3072K)
 Metaspace       used 40147K, capacity 41054K, committed 41344K, reserved 1085440K
  class space    used 5081K, capacity 5425K, committed 5504K, reserved 1048576K
}
Event: 7.347 GC heap after
{Heap after GC invocations=41 (full 0):
 garbage-first heap   total 219136K, used 110592K [0x0000000080000000, 0x0000000100000000)
  region size 1024K, 8 young (8192K), 8 survivors (8192K)
 Metaspace       used 40147K, capacity 41054K, committed 41344K, reserved 1085440K
  class space    used 5081K, capacity 5425K, committed 5504K, reserved 1048576K
}
Event: 7.397 GC heap before
{Heap before GC invocations=41 (full 0):
 garbage-first heap   total 219136K, used 112640K [0x0000000080000000, 0x0000000100000000)
  region size 1024K, 10 young (10240K), 8 survivors (8192K)
 Metaspace       used 40147K, capacity 41054K, committed 41344K, reserved 1085440K
  class space    used 5081K, capacity 5425K, committed 5504K, reserved 1048576K
}
Event: 7.417 GC heap after
{Heap after GC invocations=42 (full 0):
 garbage-first heap   total 219136K, used 108496K [0x0000000080000000, 0x0000000100000000)
  region size 1024K, 1 young (1024K), 1 survivors (1024K)
 Metaspace       used 40147K, capacity 41054K, committed 41344K, reserved 1085440K
  class space    used 5081K, capacity 5425K, committed 5504K, reserved 1048576K
}
Event: 7.912 GC heap before
{Heap before GC invocations=42 (full 0):
 garbage-first heap   total 219136K, used 150480K [0x0000000080000000, 0x0000000100000000)
  region size 1024K, 42 young (43008K), 1 survivors (1024K)
 Metaspace       used 40147K, capacity 41054K, committed 41344K, reserved 1085440K
  class space    used 5081K, capacity 5425K, committed 5504K, reserved 1048576K
}
Event: 7.924 GC heap after
{Heap after GC invocations=43 (full 0):
 garbage-first heap   total 219136K, used 121673K [0x0000000080000000, 0x0000000100000000)
  region size 1024K, 6 young (6144K), 6 survivors (6144K)
 Metaspace       used 40147K, capacity 41054K, committed 41344K, reserved 1085440K
  class space    used 5081K, capacity 5425K, committed 5504K, reserved 1048576K
}
Event: 8.356 GC heap before
{Heap before GC invocations=44 (full 0):
 garbage-first heap   total 219136K, used 159561K [0x0000000080000000, 0x0000000100000000)
  region size 1024K, 43 young (44032K), 6 survivors (6144K)
 Metaspace       used 40147K, capacity 41054K, committed 41344K, reserved 1085440K
  class space    used 5081K, capacity 5425K, committed 5504K, reserved 1048576K
}
Event: 8.379 GC heap after
{Heap after GC invocations=45 (full 0):
 garbage-first heap   total 449536K, used 131817K [0x0000000080000000, 0x0000000100000000)
  region size 1024K, 6 young (6144K), 6 survivors (6144K)
 Metaspace       used 40147K, capacity 41054K, committed 41344K, reserved 1085440K
  class space    used 5081K, capacity 5425K, committed 5504K, reserved 1048576K
}
Event: 8.711 GC heap before
{Heap before GC invocations=45 (full 0):
 garbage-first heap   total 449536K, used 147177K [0x0000000080000000, 0x0000000100000000)
  region size 1024K, 21 young (21504K), 6 survivors (6144K)
 Metaspace       used 40147K, capacity 41054K, committed 41344K, reserved 1085440K
  class space    used 5081K, capacity 5425K, committed 5504K, reserved 1048576K
}
Event: 8.717 GC heap after
{Heap after GC invocations=46 (full 0):
 garbage-first heap   total 449536K, used 136043K [0x0000000080000000, 0x0000000100000000)
  region size 1024K, 3 young (3072K), 3 survivors (3072K)
 Metaspace       used 40147K, capacity 41054K, committed 41344K, reserved 1085440K
  class space    used 5081K, capacity 5425K, committed 5504K, reserved 1048576K
}
Event: 11.163 GC heap before
{Heap before GC invocations=46 (full 0):
 garbage-first heap   total 449536K, used 295787K [0x0000000080000000, 0x0000000100000000)
  region size 1024K, 159 young (162816K), 3 survivors (3072K)
 Metaspace       used 40150K, capacity 41055K, committed 41344K, reserved 1085440K
  class space    used 5081K, capacity 5425K, committed 5504K, reserved 1048576K
}
Event: 11.326 GC heap after
{Heap after GC invocations=47 (full 0):
 garbage-first heap   total 449536K, used 184320K [0x0000000080000000, 0x0000000100000000)
  region size 1024K, 20 young (20480K), 20 survivors (20480K)
 Metaspace       used 40150K, capacity 41055K, committed 41344K, reserved 1085440K
  class space    used 5081K, capacity 5425K, committed 5504K, reserved 1048576K
}
Event: 14.915 GC heap before
{Heap before GC invocations=47 (full 0):
 garbage-first heap   total 449536K, used 289792K [0x0000000080000000, 0x0000000100000000)
  region size 1024K, 123 young (125952K), 20 survivors (20480K)
 Metaspace       used 40203K, capacity 41119K, committed 41344K, reserved 1085440K
  class space    used 5089K, capacity 5425K, committed 5504K, reserved 1048576K
}
Event: 15.117 GC heap after
{Heap after GC invocations=48 (full 0):
 garbage-first heap   total 449536K, used 213504K [0x0000000080000000, 0x0000000100000000)
  region size 1024K, 16 young (16384K), 16 survivors (16384K)
 Metaspace       used 40203K, capacity 41119K, committed 41344K, reserved 1085440K
  class space    used 5089K, capacity 5425K, committed 5504K, reserved 1048576K
}
Event: 18.653 GC heap before
{Heap before GC invocations=48 (full 0):
 garbage-first heap   total 449536K, used 311808K [0x0000000080000000, 0x0000000100000000)
  region size 1024K, 112 young (114688K), 16 survivors (16384K)
 Metaspace       used 40208K, capacity 41119K, committed 41344K, reserved 1085440K
  class space    used 5089K, capacity 5425K, committed 5504K, reserved 1048576K
}
Event: 18.726 GC heap after
{Heap after GC invocations=49 (full 0):
 garbage-first heap   total 449536K, used 229888K [0x0000000080000000, 0x0000000100000000)
  region size 1024K, 14 young (14336K), 14 survivors (14336K)
 Metaspace       used 40208K, capacity 41119K, committed 41344K, reserved 1085440K
  class space    used 5089K, capacity 5425K, committed 5504K, reserved 1048576K
}
Event: 21.512 GC heap before
{Heap before GC invocations=49 (full 0):
 garbage-first heap   total 449536K, used 323072K [0x0000000080000000, 0x0000000100000000)
  region size 1024K, 105 young (107520K), 14 survivors (14336K)
 Metaspace       used 40210K, capacity 41119K, committed 41344K, reserved 1085440K
  class space    used 5089K, capacity 5425K, committed 5504K, reserved 1048576K
}

