# JRE version: OpenJDK Runtime Environment (11.0.15) (build 11.0.15+0-b2043.56-9505619)
# Java VM: OpenJDK 64-Bit Server VM (11.0.15+0-b2043.56-9505619, mixed mode, tiered, compressed oops, g1 gc, windows-amd64)
Heap:
 garbage-first heap   total 1190912K, used 252415K [0x0000000080000000, 0x0000000100000000)
  region size 1024K, 8 young (8192K), 8 survivors (8192K)
 Metaspace       used 40210K, capacity 41117K, committed 41344K, reserved 1085440K
  class space    used 5086K, capacity 5425K, committed 5504K, reserved 1048576K
GC Heap History (20 events):
Event: 7.415 GC heap after
{Heap after GC invocations=39 (full 0):
 garbage-first heap   total 162816K, used 96914K [0x0000000080000000, 0x0000000100000000)
  region size 1024K, 1 young (1024K), 1 survivors (1024K)
 Metaspace       used 40139K, capacity 41050K, committed 41344K, reserved 1085440K
  class space    used 5078K, capacity 5425K, committed 5504K, reserved 1048576K
}
Event: 7.472 GC heap before
{Heap before GC invocations=39 (full 0):
 garbage-first heap   total 162816K, used 123538K [0x0000000080000000, 0x0000000100000000)
  region size 1024K, 27 young (27648K), 1 survivors (1024K)
 Metaspace       used 40139K, capacity 41050K, committed 41344K, reserved 1085440K
  class space    used 5078K, capacity 5425K, committed 5504K, reserved 1048576K
}
Event: 7.476 GC heap after
{Heap after GC invocations=40 (full 0):
 garbage-first heap   total 162816K, used 105783K [0x0000000080000000, 0x0000000100000000)
  region size 1024K, 4 young (4096K), 4 survivors (4096K)
 Metaspace       used 40139K, capacity 41050K, committed 41344K, reserved 1085440K
  class space    used 5078K, capacity 5425K, committed 5504K, reserved 1048576K
}
Event: 7.528 GC heap before
{Heap before GC invocations=40 (full 0):
 garbage-first heap   total 162816K, used 127287K [0x0000000080000000, 0x0000000100000000)
  region size 1024K, 25 young (25600K), 4 survivors (4096K)
 Metaspace       used 40139K, capacity 41050K, committed 41344K, reserved 1085440K
  class space    used 5078K, capacity 5425K, committed 5504K, reserved 1048576K
}
Event: 7.535 GC heap after
{Heap after GC invocations=41 (full 0):
 garbage-first heap   total 263168K, used 108214K [0x0000000080000000, 0x0000000100000000)
  region size 1024K, 4 young (4096K), 4 survivors (4096K)
 Metaspace       used 40139K, capacity 41050K, committed 41344K, reserved 1085440K
  class space    used 5078K, capacity 5425K, committed 5504K, reserved 1048576K
}
Event: 7.846 GC heap before
{Heap before GC invocations=42 (full 0):
 garbage-first heap   total 263168K, used 179894K [0x0000000080000000, 0x0000000100000000)
  region size 1024K, 74 young (75776K), 4 survivors (4096K)
 Metaspace       used 40139K, capacity 41050K, committed 41344K, reserved 1085440K
  class space    used 5078K, capacity 5425K, committed 5504K, reserved 1048576K
}
Event: 7.877 GC heap after
{Heap after GC invocations=43 (full 0):
 garbage-first heap   total 263168K, used 126073K [0x0000000080000000, 0x0000000100000000)
  region size 1024K, 10 young (10240K), 10 survivors (10240K)
 Metaspace       used 40139K, capacity 41050K, committed 41344K, reserved 1085440K
  class space    used 5078K, capacity 5425K, committed 5504K, reserved 1048576K
}
Event: 7.891 GC heap before
{Heap before GC invocations=43 (full 0):
 garbage-first heap   total 263168K, used 127097K [0x0000000080000000, 0x0000000100000000)
  region size 1024K, 12 young (12288K), 10 survivors (10240K)
 Metaspace       used 40139K, capacity 41050K, committed 41344K, reserved 1085440K
  class space    used 5078K, capacity 5425K, committed 5504K, reserved 1048576K
}
Event: 7.895 GC heap after
{Heap after GC invocations=44 (full 0):
 garbage-first heap   total 263168K, used 111853K [0x0000000080000000, 0x0000000100000000)
  region size 1024K, 2 young (2048K), 2 survivors (2048K)
 Metaspace       used 40139K, capacity 41050K, committed 41344K, reserved 1085440K
  class space    used 5078K, capacity 5425K, committed 5504K, reserved 1048576K
}
Event: 8.048 GC heap before
{Heap before GC invocations=44 (full 0):
 garbage-first heap   total 263168K, used 171245K [0x0000000080000000, 0x0000000100000000)
  region size 1024K, 60 young (61440K), 2 survivors (2048K)
 Metaspace       used 40139K, capacity 41050K, committed 41344K, reserved 1085440K
  class space    used 5078K, capacity 5425K, committed 5504K, reserved 1048576K
}
Event: 8.056 GC heap after
{Heap after GC invocations=45 (full 0):
 garbage-first heap   total 263168K, used 123010K [0x0000000080000000, 0x0000000100000000)
  region size 1024K, 8 young (8192K), 8 survivors (8192K)
 Metaspace       used 40139K, capacity 41050K, committed 41344K, reserved 1085440K
  class space    used 5078K, capacity 5425K, committed 5504K, reserved 1048576K
}
Event: 8.186 GC heap before
{Heap before GC invocations=45 (full 0):
 garbage-first heap   total 263168K, used 182402K [0x0000000080000000, 0x0000000100000000)
  region size 1024K, 66 young (67584K), 8 survivors (8192K)
 Metaspace       used 40139K, capacity 41050K, committed 41344K, reserved 1085440K
  class space    used 5078K, capacity 5425K, committed 5504K, reserved 1048576K
}
Event: 8.240 GC heap after
{Heap after GC invocations=46 (full 0):
 garbage-first heap   total 585728K, used 133119K [0x0000000080000000, 0x0000000100000000)
  region size 1024K, 9 young (9216K), 9 survivors (9216K)
 Metaspace       used 40139K, capacity 41050K, committed 41344K, reserved 1085440K
  class space    used 5078K, capacity 5425K, committed 5504K, reserved 1048576K
}
Event: 11.083 GC heap before
{Heap before GC invocations=46 (full 0):
 garbage-first heap   total 585728K, used 437247K [0x0000000080000000, 0x0000000100000000)
  region size 1024K, 306 young (313344K), 9 survivors (9216K)
 Metaspace       used 40142K, capacity 41051K, committed 41344K, reserved 1085440K
  class space    used 5078K, capacity 5425K, committed 5504K, reserved 1048576K
}
Event: 11.661 GC heap after
{Heap after GC invocations=47 (full 0):
 garbage-first heap   total 585728K, used 216803K [0x0000000080000000, 0x0000000100000000)
  region size 1024K, 39 young (39936K), 39 survivors (39936K)
 Metaspace       used 40142K, capacity 41051K, committed 41344K, reserved 1085440K
  class space    used 5078K, capacity 5425K, committed 5504K, reserved 1048576K
}
Event: 17.478 GC heap before
{Heap before GC invocations=47 (full 0):
 garbage-first heap   total 585728K, used 328419K [0x0000000080000000, 0x0000000100000000)
  region size 1024K, 148 young (151552K), 39 survivors (39936K)
 Metaspace       used 40202K, capacity 41115K, committed 41344K, reserved 1085440K
  class space    used 5086K, capacity 5425K, committed 5504K, reserved 1048576K
}
Event: 17.925 GC heap after
{Heap after GC invocations=48 (full 0):
 garbage-first heap   total 585728K, used 224255K [0x0000000080000000, 0x0000000100000000)
  region size 1024K, 19 young (19456K), 19 survivors (19456K)
 Metaspace       used 40202K, capacity 41115K, committed 41344K, reserved 1085440K
  class space    used 5086K, capacity 5425K, committed 5504K, reserved 1048576K
}
Event: 20.826 GC heap before
{Heap before GC invocations=48 (full 0):
 garbage-first heap   total 585728K, used 305151K [0x0000000080000000, 0x0000000100000000)
  region size 1024K, 98 young (100352K), 19 survivors (19456K)
 Metaspace       used 40210K, capacity 41117K, committed 41344K, reserved 1085440K
  class space    used 5086K, capacity 5425K, committed 5504K, reserved 1048576K
}
Event: 21.295 GC heap after
{Heap after GC invocations=49 (full 0):
 garbage-first heap   total 585728K, used 249343K [0x0000000080000000, 0x0000000100000000)
  region size 1024K, 13 young (13312K), 13 survivors (13312K)
 Metaspace       used 40210K, capacity 41117K, committed 41344K, reserved 1085440K
  class space    used 5086K, capacity 5425K, committed 5504K, reserved 1048576K
}
Event: 23.222 GC heap before
{Heap before GC invocations=49 (full 0):
 garbage-first heap   total 585728K, used 299519K [0x0000000080000000, 0x0000000100000000)
  region size 1024K, 62 young (63488K), 13 survivors (13312K)
 Metaspace       used 40210K, capacity 41117K, committed 41344K, reserved 1085440K
  class space    used 5086K, capacity 5425K, committed 5504K, reserved 1048576K
}

