# JRE version: OpenJDK Runtime Environment (11.0.15) (build 11.0.15+0-b2043.56-9505619)
# Java VM: OpenJDK 64-Bit Server VM (11.0.15+0-b2043.56-9505619, mixed mode, tiered, compressed oops, g1 gc, windows-amd64)
Heap:
 garbage-first heap   total 857088K, used 327679K [0x0000000080000000, 0x0000000100000000)
  region size 1024K, 5 young (5120K), 5 survivors (5120K)
 Metaspace       used 44197K, capacity 45201K, committed 45568K, reserved 1089536K
  class space    used 5412K, capacity 5759K, committed 5888K, reserved 1048576K
GC Heap History (20 events):
Event: 55.307 GC heap after
{Heap after GC invocations=113 (full 0):
 garbage-first heap   total 352256K, used 127197K [0x0000000080000000, 0x0000000100000000)
  region size 1024K, 14 young (14336K), 14 survivors (14336K)
 Metaspace       used 44149K, capacity 45070K, committed 45312K, reserved 1089536K
  class space    used 5412K, capacity 5758K, committed 5888K, reserved 1048576K
}
Event: 56.332 GC heap before
{Heap before GC invocations=113 (full 0):
 garbage-first heap   total 352256K, used 301277K [0x0000000080000000, 0x0000000100000000)
  region size 1024K, 184 young (188416K), 14 survivors (14336K)
 Metaspace       used 44149K, capacity 45070K, committed 45312K, reserved 1089536K
  class space    used 5412K, capacity 5758K, committed 5888K, reserved 1048576K
}
Event: 56.368 GC heap after
{Heap after GC invocations=114 (full 0):
 garbage-first heap   total 422912K, used 129160K [0x0000000080000000, 0x0000000100000000)
  region size 1024K, 14 young (14336K), 14 survivors (14336K)
 Metaspace       used 44149K, capacity 45070K, committed 45312K, reserved 1089536K
  class space    used 5412K, capacity 5758K, committed 5888K, reserved 1048576K
}
Event: 58.210 GC heap before
{Heap before GC invocations=114 (full 0):
 garbage-first heap   total 422912K, used 347272K [0x0000000080000000, 0x0000000100000000)
  region size 1024K, 227 young (232448K), 14 survivors (14336K)
 Metaspace       used 44149K, capacity 45070K, committed 45312K, reserved 1089536K
  class space    used 5412K, capacity 5758K, committed 5888K, reserved 1048576K
}
Event: 58.234 GC heap after
{Heap after GC invocations=115 (full 0):
 garbage-first heap   total 422912K, used 130184K [0x0000000080000000, 0x0000000100000000)
  region size 1024K, 15 young (15360K), 15 survivors (15360K)
 Metaspace       used 44149K, capacity 45070K, committed 45312K, reserved 1089536K
  class space    used 5412K, capacity 5758K, committed 5888K, reserved 1048576K
}
Event: 59.510 GC heap before
{Heap before GC invocations=115 (full 0):
 garbage-first heap   total 422912K, used 371848K [0x0000000080000000, 0x0000000100000000)
  region size 1024K, 237 young (242688K), 15 survivors (15360K)
 Metaspace       used 44150K, capacity 45070K, committed 45312K, reserved 1089536K
  class space    used 5412K, capacity 5758K, committed 5888K, reserved 1048576K
}
Event: 59.537 GC heap after
{Heap after GC invocations=116 (full 0):
 garbage-first heap   total 422912K, used 133256K [0x0000000080000000, 0x0000000100000000)
  region size 1024K, 18 young (18432K), 18 survivors (18432K)
 Metaspace       used 44150K, capacity 45070K, committed 45312K, reserved 1089536K
  class space    used 5412K, capacity 5758K, committed 5888K, reserved 1048576K
}
Event: 60.221 GC heap before
{Heap before GC invocations=116 (full 0):
 garbage-first heap   total 422912K, used 360584K [0x0000000080000000, 0x0000000100000000)
  region size 1024K, 240 young (245760K), 18 survivors (18432K)
 Metaspace       used 44150K, capacity 45070K, committed 45312K, reserved 1089536K
  class space    used 5412K, capacity 5758K, committed 5888K, reserved 1048576K
}
Event: 60.293 GC heap after
{Heap after GC invocations=117 (full 0):
 garbage-first heap   total 422912K, used 136443K [0x0000000080000000, 0x0000000100000000)
  region size 1024K, 19 young (19456K), 19 survivors (19456K)
 Metaspace       used 44150K, capacity 45070K, committed 45312K, reserved 1089536K
  class space    used 5412K, capacity 5758K, committed 5888K, reserved 1048576K
}
Event: 66.975 GC heap before
{Heap before GC invocations=117 (full 0):
 garbage-first heap   total 422912K, used 380155K [0x0000000080000000, 0x0000000100000000)
  region size 1024K, 237 young (242688K), 19 survivors (19456K)
 Metaspace       used 44180K, capacity 45137K, committed 45312K, reserved 1089536K
  class space    used 5412K, capacity 5759K, committed 5888K, reserved 1048576K
}
Event: 67.073 GC heap after
{Heap after GC invocations=118 (full 0):
 garbage-first heap   total 422912K, used 156440K [0x0000000080000000, 0x0000000100000000)
  region size 1024K, 30 young (30720K), 30 survivors (30720K)
 Metaspace       used 44180K, capacity 45137K, committed 45312K, reserved 1089536K
  class space    used 5412K, capacity 5759K, committed 5888K, reserved 1048576K
}
Event: 69.060 GC heap before
{Heap before GC invocations=118 (full 0):
 garbage-first heap   total 422912K, used 337688K [0x0000000080000000, 0x0000000100000000)
  region size 1024K, 207 young (211968K), 30 survivors (30720K)
 Metaspace       used 44188K, capacity 45201K, committed 45568K, reserved 1089536K
  class space    used 5412K, capacity 5759K, committed 5888K, reserved 1048576K
}
Event: 69.204 GC heap after
{Heap after GC invocations=119 (full 0):
 garbage-first heap   total 546816K, used 185914K [0x0000000080000000, 0x0000000100000000)
  region size 1024K, 26 young (26624K), 26 survivors (26624K)
 Metaspace       used 44188K, capacity 45201K, committed 45568K, reserved 1089536K
  class space    used 5412K, capacity 5759K, committed 5888K, reserved 1048576K
}
Event: 71.817 GC heap before
{Heap before GC invocations=119 (full 0):
 garbage-first heap   total 546816K, used 409146K [0x0000000080000000, 0x0000000100000000)
  region size 1024K, 244 young (249856K), 26 survivors (26624K)
 Metaspace       used 44190K, capacity 45201K, committed 45568K, reserved 1089536K
  class space    used 5412K, capacity 5759K, committed 5888K, reserved 1048576K
}
Event: 71.966 GC heap after
{Heap after GC invocations=120 (full 0):
 garbage-first heap   total 546816K, used 232959K [0x0000000080000000, 0x0000000100000000)
  region size 1024K, 31 young (31744K), 31 survivors (31744K)
 Metaspace       used 44190K, capacity 45201K, committed 45568K, reserved 1089536K
  class space    used 5412K, capacity 5759K, committed 5888K, reserved 1048576K
}
Event: 79.345 GC heap before
{Heap before GC invocations=120 (full 0):
 garbage-first heap   total 546816K, used 394751K [0x0000000080000000, 0x0000000100000000)
  region size 1024K, 189 young (193536K), 31 survivors (31744K)
 Metaspace       used 44192K, capacity 45201K, committed 45568K, reserved 1089536K
  class space    used 5412K, capacity 5759K, committed 5888K, reserved 1048576K
}
Event: 79.614 GC heap after
{Heap after GC invocations=121 (full 0):
 garbage-first heap   total 546816K, used 282623K [0x0000000080000000, 0x0000000100000000)
  region size 1024K, 24 young (24576K), 24 survivors (24576K)
 Metaspace       used 44192K, capacity 45201K, committed 45568K, reserved 1089536K
  class space    used 5412K, capacity 5759K, committed 5888K, reserved 1048576K
}
Event: 84.467 GC heap before
{Heap before GC invocations=121 (full 0):
 garbage-first heap   total 546816K, used 408575K [0x0000000080000000, 0x0000000100000000)
  region size 1024K, 147 young (150528K), 24 survivors (24576K)
 Metaspace       used 44197K, capacity 45201K, committed 45568K, reserved 1089536K
  class space    used 5412K, capacity 5759K, committed 5888K, reserved 1048576K
}
Event: 85.413 GC heap after
{Heap after GC invocations=122 (full 0):
 garbage-first heap   total 546816K, used 319999K [0x0000000080000000, 0x0000000100000000)
  region size 1024K, 19 young (19456K), 19 survivors (19456K)
 Metaspace       used 44197K, capacity 45201K, committed 45568K, reserved 1089536K
  class space    used 5412K, capacity 5759K, committed 5888K, reserved 1048576K
}
Event: 85.568 GC heap before
{Heap before GC invocations=122 (full 0):
 garbage-first heap   total 546816K, used 337407K [0x0000000080000000, 0x0000000100000000)
  region size 1024K, 37 young (37888K), 19 survivors (19456K)
 Metaspace       used 44197K, capacity 45201K, committed 45568K, reserved 1089536K
  class space    used 5412K, capacity 5759K, committed 5888K, reserved 1048576K
}

